<?xml version="1.0" encoding="UTF-8"?>
<testng-results skipped="0" failed="0" ignored="0" total="1" passed="1">
  <reporter-output>
  </reporter-output>
  <suite name="Suite" duration-ms="44968" started-at="2020-02-13T05:02:13Z" finished-at="2020-02-13T05:02:58Z">
    <groups>
      <group name="cucumber">
        <method signature="AbstractTestNGCucumberTests.feature(cucumber.api.testng.CucumberFeatureWrapper)[pri:0, instance:runner.Test_runner@2096442d]" name="feature" class="cucumber.api.testng.AbstractTestNGCucumberTests"/>
      </group> <!-- cucumber -->
    </groups>
    <test name="Test" duration-ms="44968" started-at="2020-02-13T05:02:13Z" finished-at="2020-02-13T05:02:58Z">
      <class name="runner.Test_runner">
        <test-method status="PASS" signature="setUpClass()[pri:0, instance:runner.Test_runner@2096442d]" name="setUpClass" is-config="true" duration-ms="518" started-at="2020-02-13T05:02:13Z" finished-at="2020-02-13T05:02:14Z">
          <reporter-output>
          </reporter-output>
        </test-method> <!-- setUpClass -->
        <test-method status="PASS" signature="feature(cucumber.api.testng.CucumberFeatureWrapper)[pri:0, instance:runner.Test_runner@2096442d]" name="feature" duration-ms="43987" started-at="2020-02-13T05:02:14Z" description="Runs Cucumber Feature" data-provider="features" finished-at="2020-02-13T05:02:58Z">
          <params>
            <param index="0">
              <value>
                <![CDATA[borland registration]]>
              </value>
            </param>
          </params>
          <reporter-output>
          </reporter-output>
        </test-method> <!-- feature -->
        <test-method status="PASS" signature="tearDownClass()[pri:0, instance:runner.Test_runner@2096442d]" name="tearDownClass" is-config="true" duration-ms="248" started-at="2020-02-13T05:02:58Z" finished-at="2020-02-13T05:02:58Z">
          <reporter-output>
          </reporter-output>
        </test-method> <!-- tearDownClass -->
      </class> <!-- runner.Test_runner -->
    </test> <!-- Test -->
  </suite> <!-- Suite -->
</testng-results>
